mode: set
github-webhook-fanout/main.go:54.13,56.40 1 0
github-webhook-fanout/main.go:56.40,58.3 1 0
github-webhook-fanout/main.go:61.2,65.53 2 0
github-webhook-fanout/main.go:65.53,67.39 2 0
github-webhook-fanout/main.go:67.39,69.5 1 0
github-webhook-fanout/main.go:70.4,70.63 1 0
github-webhook-fanout/main.go:75.2,79.46 3 0
github-webhook-fanout/main.go:79.46,81.3 1 0
github-webhook-fanout/main.go:84.2,88.16 3 0
github-webhook-fanout/main.go:88.16,90.3 1 0
github-webhook-fanout/main.go:92.2,95.47 3 0
github-webhook-fanout/main.go:95.47,97.3 1 0
github-webhook-fanout/main.go:100.19,111.82 4 1
github-webhook-fanout/main.go:111.82,114.3 2 0
github-webhook-fanout/main.go:116.2,116.38 1 1
github-webhook-fanout/main.go:119.46,120.42 1 1
github-webhook-fanout/main.go:120.42,122.3 1 1
github-webhook-fanout/main.go:123.2,123.21 1 0
github-webhook-fanout/main.go:126.46,128.31 1 1
github-webhook-fanout/main.go:128.31,130.3 1 1
github-webhook-fanout/main.go:133.2,134.47 2 1
github-webhook-fanout/main.go:134.47,137.3 2 1
github-webhook-fanout/main.go:140.2,150.4 3 0
github-webhook-fanout/main.go:153.47,154.31 1 1
github-webhook-fanout/main.go:154.31,157.3 2 0
github-webhook-fanout/main.go:159.2,160.21 2 1
github-webhook-fanout/main.go:160.21,162.3 1 1
github-webhook-fanout/main.go:165.2,166.20 2 1
github-webhook-fanout/main.go:166.20,169.3 2 0
github-webhook-fanout/main.go:172.2,178.65 5 1
github-webhook-fanout/main.go:181.86,184.52 2 1
github-webhook-fanout/main.go:184.52,193.66 2 1
github-webhook-fanout/main.go:193.66,196.4 2 1
github-webhook-fanout/main.go:196.9,199.4 2 1
github-webhook-fanout/main.go:201.3,201.36 1 1
github-webhook-fanout/main.go:204.2,204.16 1 1
github-webhook-fanout/main.go:207.87,216.16 3 1
github-webhook-fanout/main.go:216.16,218.3 1 0
github-webhook-fanout/main.go:221.2,223.16 3 1
github-webhook-fanout/main.go:223.16,225.3 1 0
github-webhook-fanout/main.go:228.2,231.30 2 1
github-webhook-fanout/main.go:231.30,233.3 1 1
github-webhook-fanout/main.go:233.8,233.71 1 1
github-webhook-fanout/main.go:233.71,235.3 1 1
github-webhook-fanout/main.go:238.2,240.16 3 1
github-webhook-fanout/main.go:240.16,242.3 1 1
github-webhook-fanout/main.go:243.2,246.53 2 1
github-webhook-fanout/main.go:246.53,249.3 2 1
github-webhook-fanout/main.go:251.2,251.12 1 1
github-webhook-fanout/test_utils.go:14.32,27.2 1 0
github-webhook-fanout/test_utils.go:30.54,50.2 1 0
github-webhook-fanout/test_utils.go:53.67,58.2 4 1
github-webhook-fanout/test_utils.go:61.19,65.2 3 0
github-webhook-fanout/test_utils.go:68.21,72.2 3 0
github-webhook-fanout/test_utils.go:75.44,82.2 1 0
github-webhook-fanout/test_utils.go:85.52,93.2 1 0
github-webhook-fanout/test_utils.go:96.40,99.2 2 0
github-webhook-fanout/test_utils.go:102.53,108.2 1 0
